[ 2017-07-04T15:58:17+08:00 ] 172.168.250.215 /
INFO: [ app_init ] --START--
INFO: Run Behavior\BuildLiteBehavior [ RunTime:0.000000s ]
INFO: [ app_init ] --END-- [ RunTime:0.026000s ]
INFO: [ app_begin ] --START--
INFO: Run Behavior\ReadHtmlCacheBehavior [ RunTime:0.001000s ]
INFO: [ app_begin ] --END-- [ RunTime:0.001000s ]
INFO: [ view_parse ] --START--
INFO: [ template_filter ] --START--
INFO: Run Behavior\ContentReplaceBehavior [ RunTime:0.001000s ]
INFO: [ template_filter ] --END-- [ RunTime:0.001000s ]
INFO: Run Behavior\ParseTemplateBehavior [ RunTime:0.044000s ]
INFO: [ view_parse ] --END-- [ RunTime:0.046000s ]
INFO: [ view_filter ] --START--
INFO: Run Behavior\WriteHtmlCacheBehavior [ RunTime:0.001000s ]
INFO: [ view_filter ] --END-- [ RunTime:0.001000s ]
INFO: [ app_end ] --START--
INFO: Run Behavior\ShowPageTraceBehavior [ RunTime:0.002000s ]
INFO: [ app_end ] --END-- [ RunTime:0.002000s ]

[ 2017-07-04T15:58:26+08:00 ] 172.168.250.215 /Home/Dealer/index
INFO: [ app_init ] --START--
INFO: Run Behavior\BuildLiteBehavior [ RunTime:0.000000s ]
INFO: [ app_init ] --END-- [ RunTime:0.001000s ]
INFO: [ app_begin ] --START--
INFO: Run Behavior\ReadHtmlCacheBehavior [ RunTime:0.001000s ]
INFO: [ app_begin ] --END-- [ RunTime:0.001000s ]
SQL: SHOW COLUMNS FROM `dealer` [ RunTime:0.1140s ]
SQL: SELECT * FROM `dealer`  [ RunTime:0.0000s ]
SQL: SELECT COUNT(status = 1) AS tp_count FROM `dealer` LIMIT 1   [ RunTime:0.0050s ]
SQL: SELECT * FROM `dealer` WHERE ( status = 1 ) ORDER BY id LIMIT 0,20   [ RunTime:0.0010s ]
INFO: [ view_parse ] --START--
INFO: [ template_filter ] --START--
INFO: Run Behavior\ContentReplaceBehavior [ RunTime:0.000000s ]
INFO: [ template_filter ] --END-- [ RunTime:0.000000s ]
INFO: Run Behavior\ParseTemplateBehavior [ RunTime:0.042000s ]
INFO: [ view_parse ] --END-- [ RunTime:0.042000s ]
INFO: [ view_filter ] --START--
INFO: Run Behavior\WriteHtmlCacheBehavior [ RunTime:0.000000s ]
INFO: [ view_filter ] --END-- [ RunTime:0.001000s ]
INFO: [ app_end ] --START--
INFO: Run Behavior\ShowPageTraceBehavior [ RunTime:0.001000s ]
INFO: [ app_end ] --END-- [ RunTime:0.001000s ]

[ 2017-07-04T15:58:28+08:00 ] 172.168.250.215 /Home/Sale/addSale
INFO: [ app_init ] --START--
INFO: Run Behavior\BuildLiteBehavior [ RunTime:0.001000s ]
INFO: [ app_init ] --END-- [ RunTime:0.001000s ]
INFO: [ app_begin ] --START--
INFO: Run Behavior\ReadHtmlCacheBehavior [ RunTime:0.001000s ]
INFO: [ app_begin ] --END-- [ RunTime:0.001000s ]
INFO: [ view_parse ] --START--
INFO: [ template_filter ] --START--
INFO: Run Behavior\ContentReplaceBehavior [ RunTime:0.000000s ]
INFO: [ template_filter ] --END-- [ RunTime:0.001000s ]
NOTIC: [8] Undefined variable: projectInfo C:\wamp\www\saving\Application\Runtime\Cache\Home\55a1a683fc4ff45fb7dc27d0dc915d1b.php 第 49 行.
NOTIC: [8] Undefined variable: projectInfo C:\wamp\www\saving\Application\Runtime\Cache\Home\55a1a683fc4ff45fb7dc27d0dc915d1b.php 第 57 行.
NOTIC: [8] Undefined variable: projectInfo C:\wamp\www\saving\Application\Runtime\Cache\Home\55a1a683fc4ff45fb7dc27d0dc915d1b.php 第 64 行.
INFO: Run Behavior\ParseTemplateBehavior [ RunTime:0.030000s ]
INFO: [ view_parse ] --END-- [ RunTime:0.030000s ]
INFO: [ view_filter ] --START--
INFO: Run Behavior\WriteHtmlCacheBehavior [ RunTime:0.001000s ]
INFO: [ view_filter ] --END-- [ RunTime:0.001000s ]
INFO: [ app_end ] --START--
INFO: Run Behavior\ShowPageTraceBehavior [ RunTime:0.001000s ]
INFO: [ app_end ] --END-- [ RunTime:0.002000s ]

[ 2017-07-04T15:58:34+08:00 ] 172.168.250.215 /Home/Sale/index
INFO: [ app_init ] --START--
INFO: Run Behavior\BuildLiteBehavior [ RunTime:0.000000s ]
INFO: [ app_init ] --END-- [ RunTime:0.001000s ]
INFO: [ app_begin ] --START--
INFO: Run Behavior\ReadHtmlCacheBehavior [ RunTime:0.001000s ]
INFO: [ app_begin ] --END-- [ RunTime:0.001000s ]
SQL: SHOW COLUMNS FROM `sale` [ RunTime:0.0170s ]
SQL: SELECT * FROM `sale` WHERE ( status = 1 )  [ RunTime:0.0110s ]
SQL: SELECT * FROM `sale` WHERE ( status = 1 ) ORDER BY id LIMIT 0,20   [ RunTime:0.0000s ]
INFO: [ view_parse ] --START--
INFO: [ template_filter ] --START--
INFO: Run Behavior\ContentReplaceBehavior [ RunTime:0.000000s ]
INFO: [ template_filter ] --END-- [ RunTime:0.000000s ]
NOTIC: [8] Undefined variable: dealerName C:\wamp\www\saving\Application\Runtime\Cache\Home\d25fc7692ad94cc95c23a8fe6f83c0af.php 第 108 行.
NOTIC: [8] Undefined index: number C:\wamp\www\saving\Application\Runtime\Cache\Home\d25fc7692ad94cc95c23a8fe6f83c0af.php 第 140 行.
NOTIC: [8] Undefined index: number C:\wamp\www\saving\Application\Runtime\Cache\Home\d25fc7692ad94cc95c23a8fe6f83c0af.php 第 140 行.
NOTIC: [8] Undefined index: number C:\wamp\www\saving\Application\Runtime\Cache\Home\d25fc7692ad94cc95c23a8fe6f83c0af.php 第 140 行.
NOTIC: [8] Undefined index: number C:\wamp\www\saving\Application\Runtime\Cache\Home\d25fc7692ad94cc95c23a8fe6f83c0af.php 第 140 行.
NOTIC: [8] Undefined index: number C:\wamp\www\saving\Application\Runtime\Cache\Home\d25fc7692ad94cc95c23a8fe6f83c0af.php 第 140 行.
NOTIC: [8] Undefined index: number C:\wamp\www\saving\Application\Runtime\Cache\Home\d25fc7692ad94cc95c23a8fe6f83c0af.php 第 140 行.
NOTIC: [8] Undefined index: number C:\wamp\www\saving\Application\Runtime\Cache\Home\d25fc7692ad94cc95c23a8fe6f83c0af.php 第 140 行.
NOTIC: [8] Undefined index: number C:\wamp\www\saving\Application\Runtime\Cache\Home\d25fc7692ad94cc95c23a8fe6f83c0af.php 第 140 行.
INFO: Run Behavior\ParseTemplateBehavior [ RunTime:0.016000s ]
INFO: [ view_parse ] --END-- [ RunTime:0.016000s ]
INFO: [ view_filter ] --START--
INFO: Run Behavior\WriteHtmlCacheBehavior [ RunTime:0.001000s ]
INFO: [ view_filter ] --END-- [ RunTime:0.001000s ]
INFO: [ app_end ] --START--
INFO: Run Behavior\ShowPageTraceBehavior [ RunTime:0.001000s ]
INFO: [ app_end ] --END-- [ RunTime:0.001000s ]

