[ 2017-07-07T09:24:13+08:00 ] 172.168.250.215 /js/bootstrap.min.js
INFO: [ app_init ] --START--
INFO: Run Behavior\BuildLiteBehavior [ RunTime:0.000000s ]
INFO: [ app_init ] --END-- [ RunTime:0.001000s ]
ERR: æ— æ³•åŠ è½½æ¨¡å—:Js

[ 2017-07-07T09:24:13+08:00 ] 172.168.250.215 /images/baoman/baoman_01.gif
INFO: [ app_init ] --START--
INFO: Run Behavior\BuildLiteBehavior [ RunTime:0.000000s ]
INFO: [ app_init ] --END-- [ RunTime:0.001000s ]
ERR: æ— æ³•åŠ è½½æ¨¡å—:Images

[ 2017-07-07T09:24:13+08:00 ] 172.168.250.215 /images/weixin.jpg
INFO: [ app_init ] --START--
INFO: Run Behavior\BuildLiteBehavior [ RunTime:0.000000s ]
INFO: [ app_init ] --END-- [ RunTime:0.001000s ]
ERR: æ— æ³•åŠ è½½æ¨¡å—:Images

[ 2017-07-07T09:24:13+08:00 ] 172.168.250.215 /js/admin-scripts.js
INFO: [ app_init ] --START--
INFO: Run Behavior\BuildLiteBehavior [ RunTime:0.000000s ]
INFO: [ app_init ] --END-- [ RunTime:0.001000s ]
ERR: æ— æ³•åŠ è½½æ¨¡å—:Js

[ 2017-07-07T09:24:14+08:00 ] 172.168.250.215 /favicon.ico
INFO: [ app_init ] --START--
INFO: Run Behavior\BuildLiteBehavior [ RunTime:0.000000s ]
INFO: [ app_init ] --END-- [ RunTime:0.001000s ]
ERR: æ— æ³•åŠ è½½æ¨¡å—:Favicon

[ 2017-07-07T09:24:14+08:00 ] 172.168.250.215 /favicon.ico
INFO: [ app_init ] --START--
INFO: Run Behavior\BuildLiteBehavior [ RunTime:0.000000s ]
INFO: [ app_init ] --END-- [ RunTime:0.000000s ]
ERR: æ— æ³•åŠ è½½æ¨¡å—:Favicon

[ 2017-07-07T15:08:11+08:00 ] 172.168.250.215 /images/baoman/baoman_01.gif
INFO: [ app_init ] --START--
INFO: Run Behavior\BuildLiteBehavior [ RunTime:0.001000s ]
INFO: [ app_init ] --END-- [ RunTime:0.001000s ]
ERR: æ— æ³•åŠ è½½æ¨¡å—:Images

[ 2017-07-07T15:08:11+08:00 ] 172.168.250.215 /js/admin-scripts.js
INFO: [ app_init ] --START--
INFO: Run Behavior\BuildLiteBehavior [ RunTime:0.000000s ]
INFO: [ app_init ] --END-- [ RunTime:0.001000s ]
ERR: æ— æ³•åŠ è½½æ¨¡å—:Js

[ 2017-07-07T15:09:13+08:00 ] 172.168.250.215 /images/weixin.jpg
INFO: [ app_init ] --START--
INFO: Run Behavior\BuildLiteBehavior [ RunTime:0.000000s ]
INFO: [ app_init ] --END-- [ RunTime:0.001000s ]
ERR: æ— æ³•åŠ è½½æ¨¡å—:Images

[ 2017-07-07T15:09:13+08:00 ] 172.168.250.215 /images/baoman/baoman_01.gif
INFO: [ app_init ] --START--
INFO: Run Behavior\BuildLiteBehavior [ RunTime:0.000000s ]
INFO: [ app_init ] --END-- [ RunTime:0.001000s ]
ERR: æ— æ³•åŠ è½½æ¨¡å—:Images

[ 2017-07-07T15:09:13+08:00 ] 172.168.250.215 /js/bootstrap.min.js
INFO: [ app_init ] --START--
INFO: Run Behavior\BuildLiteBehavior [ RunTime:0.000000s ]
INFO: [ app_init ] --END-- [ RunTime:0.002000s ]
ERR: æ— æ³•åŠ è½½æ¨¡å—:Js

[ 2017-07-07T15:09:13+08:00 ] 172.168.250.215 /js/admin-scripts.js
INFO: [ app_init ] --START--
INFO: Run Behavior\BuildLiteBehavior [ RunTime:0.000000s ]
INFO: [ app_init ] --END-- [ RunTime:0.000000s ]
ERR: æ— æ³•åŠ è½½æ¨¡å—:Js

[ 2017-07-07T15:17:32+08:00 ] 172.168.250.215 /images/weixin.jpg
INFO: [ app_init ] --START--
INFO: Run Behavior\BuildLiteBehavior [ RunTime:0.001000s ]
INFO: [ app_init ] --END-- [ RunTime:0.001000s ]
ERR: æ— æ³•åŠ è½½æ¨¡å—:Images

[ 2017-07-07T15:17:32+08:00 ] 172.168.250.215 /images/baoman/baoman_01.gif
INFO: [ app_init ] --START--
INFO: Run Behavior\BuildLiteBehavior [ RunTime:0.000000s ]
INFO: [ app_init ] --END-- [ RunTime:0.001000s ]
ERR: æ— æ³•åŠ è½½æ¨¡å—:Images

[ 2017-07-07T15:17:32+08:00 ] 172.168.250.215 /js/admin-scripts.js
INFO: [ app_init ] --START--
INFO: Run Behavior\BuildLiteBehavior [ RunTime:0.000000s ]
INFO: [ app_init ] --END-- [ RunTime:0.000000s ]
ERR: æ— æ³•åŠ è½½æ¨¡å—:Js

[ 2017-07-07T15:17:32+08:00 ] 172.168.250.215 /js/bootstrap.min.js
INFO: [ app_init ] --START--
INFO: Run Behavior\BuildLiteBehavior [ RunTime:0.000000s ]
INFO: [ app_init ] --END-- [ RunTime:0.001000s ]
ERR: æ— æ³•åŠ è½½æ¨¡å—:Js

[ 2017-07-07T15:17:33+08:00 ] 172.168.250.215 /js/admin-scripts.js
INFO: [ app_init ] --START--
INFO: Run Behavior\BuildLiteBehavior [ RunTime:0.000000s ]
INFO: [ app_init ] --END-- [ RunTime:0.001000s ]
ERR: æ— æ³•åŠ è½½æ¨¡å—:Js

[ 2017-07-07T15:19:40+08:00 ] 172.168.250.215 /images/weixin.jpg
INFO: [ app_init ] --START--
INFO: Run Behavior\BuildLiteBehavior [ RunTime:0.000000s ]
INFO: [ app_init ] --END-- [ RunTime:0.001000s ]
ERR: æ— æ³•åŠ è½½æ¨¡å—:Images

[ 2017-07-07T15:19:40+08:00 ] 172.168.250.215 /js/bootstrap.min.js
INFO: [ app_init ] --START--
INFO: Run Behavior\BuildLiteBehavior [ RunTime:0.000000s ]
INFO: [ app_init ] --END-- [ RunTime:0.001000s ]
ERR: æ— æ³•åŠ è½½æ¨¡å—:Js

—:Images

[ 2017-07-07T15:19:40+08:00 ] 172.168.250.215 /js/admin-scripts.js
INFO: [ app_init ] --START--
INFO: Run Behavior\BuildLiteBehavior [ RunTime:0.000000s ]
INFO: [ app_init ] --END-- [ RunTime:0.001000s ]
ERR: æ— æ³•åŠ è½½æ¨¡å—:Js

[ 2017-07-07T15:21:16+08:00 ] 172.168.250.215 /images/baoman/baoman_01.gif
INFO: [ app_init ] --START--
INFO: Run Behavior\BuildLiteBehavior [ RunTime:0.000000s ]
INFO: [ app_init ] --END-- [ RunTime:0.000000s ]
ERR: æ— æ³•åŠ è½½æ¨¡å—:Images

[ 2017-07-07T15:21:16+08:00 ] 172.168.250.215 /js/admin-scripts.js
INFO: [ app_init ] --START--
INFO: Run Behavior\BuildLiteBehavior [ RunTime:0.000000s ]
INFO: [ app_init ] --END-- [ RunTime:0.000000s ]
ERR: æ— æ³•åŠ è½½æ¨¡å—:Js

[ 2017-07-07T15:21:16+08:00 ] 172.168.250.215 /js/bootstrap.min.js
INFO: [ app_init ] --START--
INFO: Run Behavior\BuildLiteBehavior [ RunTime:0.001000s ]
INFO: [ app_init ] --END-- [ RunTime:0.002000s ]
ERR: æ— æ³•åŠ è½½æ¨¡å—:Js

[ 2017-07-07T15:21:16+08:00 ] 172.168.250.215 /images/weixin.jpg
INFO: [ app_init ] --START--
INFO: Run Behavior\BuildLiteBehavior [ RunTime:0.000000s ]
INFO: [ app_init ] --END-- [ RunTime:0.001000s ]
ERR: æ— æ³•åŠ è½½æ¨¡å—:Images

[ 2017-07-07T15:21:16+08:00 ] 172.168.250.215 /js/admin-scripts.js
INFO: [ app_init ] --START--
INFO: Run Behavior\BuildLiteBehavior [ RunTime:0.000000s ]
INFO: [ app_init ] --END-- [ RunTime:0.001000s ]
ERR: æ— æ³•åŠ è½½æ¨¡å—:Js

[ 2017-07-07T15:23:38+08:00 ] 172.168.250.215 /js/bootstrap.min.js
INFO: [ app_init ] --START--
INFO: Run Behavior\BuildLiteBehavior [ RunTime:0.000000s ]
INFO: [ app_init ] --END-- [ RunTime:0.001000s ]
ERR: æ— æ³•åŠ è½½æ¨¡å—:Js

[ 2017-07-07T15:23:38+08:00 ] 172.168.250.215 /js/admin-scripts.js
INFO: [ app_init ] --START--
INFO: Run Behavior\BuildLiteBehavior [ RunTime:0.000000s ]
INFO: [ app_init ] --END-- [ RunTime:0.001000s ]
ERR: æ— æ³•åŠ è½½æ¨¡å—:Js

[ 2017-07-07T15:23:38+08:00 ] 172.168.250.215 /images/weixin.jpg
INFO: [ app_init ] --START--
INFO: Run Behavior\BuildLiteBehavior [ RunTime:0.000000s ]
INFO: [ app_init ] --END-- [ RunTime:0.001000s ]
ERR: æ— æ³•åŠ è½½æ¨¡å—:Images

[ 2017-07-07T15:23:38+08:00 ] 172.168.250.215 /images/baoman/baoman_01.gif
INFO: [ app_init ] --START--
INFO: Run Behavior\BuildLiteBehavior [ RunTime:0.000000s ]
INFO: [ app_init ] --END-- [ RunTime:0.002000s ]
ERR: æ— æ³•åŠ è½½æ¨¡å—:Images

[ 2017-07-07T15:23:48+08:00 ] 172.168.250.215 /images/baoman/baoman_01.gif
INFO: [ app_init ] --START--
INFO: Run Behavior\BuildLiteBehavior [ RunTime:0.000000s ]
INFO: [ app_init ] --END-- [ RunTime:0.001000s ]
ERR: æ— æ³•åŠ è½½æ¨¡å—:Images

[ 2017-07-07T15:23:48+08:00 ] 172.168.250.215 /js/admin-scripts.js
INFO: [ app_init ] --START--
INFO: Run Behavior\BuildLiteBehavior [ RunTime:0.000000s ]
INFO: [ app_init ] --END-- [ RunTime:0.001000s ]
ERR: æ— æ³•åŠ è½½æ¨¡å—:Js

[ 2017-07-07T15:23:48+08:00 ] 172.168.250.215 /js/bootstrap.min.js
INFO: [ app_init ] --START--
INFO: Run Behavior\BuildLiteBehavior [ RunTime:0.001000s ]
INFO: [ app_init ] --END-- [ RunTime:0.001000s ]
ERR: æ— æ³•åŠ è½½æ¨¡å—:Js

[ 2017-07-07T15:23:48+08:00 ] 172.168.250.215 /images/weixin.jpg
INFO: [ app_init ] --START--
INFO: Run Behavior\BuildLiteBehavior [ RunTime:0.001000s ]
INFO: [ app_init ] --END-- [ RunTime:0.001000s ]
ERR: æ— æ³•åŠ è½½æ¨¡å—:Images

[ 2017-07-07T15:23:48+08:00 ] 172.168.250.215 /js/admin-scripts.js
INFO: [ app_init ] --START--
INFO: Run Behavior\BuildLiteBehavior [ RunTime:0.001000s ]
INFO: [ app_init ] --END-- [ RunTime:0.001000s ]
ERR: æ— æ³•åŠ è½½æ¨¡å—:Js

[ 2017-07-07T15:24:12+08:00 ] 172.168.250.215 /js/admin-scripts.js
INFO: [ app_init ] --START--
INFO: Run Behavior\BuildLiteBehavior [ RunTime:0.000000s ]
INFO: [ app_init ] --END-- [ RunTime:0.000000s ]
ERR: æ— æ³•åŠ è½½æ¨¡å—:Js

[ 2017-07-07T15:24:12+08:00 ] 172.168.250.215 /images/weixin.jpg
INFO: [ app_init ] --START--
INFO: Run Behavior\BuildLiteBehavior [ RunTime:0.001000s ]
INFO: [ app_init ] --END-- [ RunTime:0.001000s ]
ERR: æ— æ³•åŠ è½½æ¨¡å—:Images

Images

[ 2017-07-07T15:24:12+08:00 ] 172.168.250.215 /js/bootstrap.min.js
INFO: [ app_init ] --START--
INFO: Run Behavior\BuildLiteBehavior [ RunTime:0.000000s ]
INFO: [ app_init ] --END-- [ RunTime:0.002000s ]
ERR: æ— æ³•åŠ è½½æ¨¡å—:Js

[ 2017-07-07T15:24:12+08:00 ] 172.168.250.215 /js/admin-scripts.js
INFO: [ app_init ] --START--
INFO: Run Behavior\BuildLiteBehavior [ RunTime:0.000000s ]
INFO: [ app_init ] --END-- [ RunTime:0.001000s ]
ERR: æ— æ³•åŠ è½½æ¨¡å—:Js

[ 2017-07-07T15:26:18+08:00 ] 172.168.250.215 /js/admin-scripts.js
INFO: [ app_init ] --START--
INFO: Run Behavior\BuildLiteBehavior [ RunTime:0.000000s ]
INFO: [ app_init ] --END-- [ RunTime:0.001000s ]
ERR: æ— æ³•åŠ è½½æ¨¡å—:Js

[ 2017-07-07T15:26:18+08:00 ] 172.168.250.215 /js/bootstrap.min.js
INFO: [ app_init ] --START--
INFO: Run Behavior\BuildLiteBehavior [ RunTime:0.000000s ]
INFO: [ app_init ] --END-- [ RunTime:0.001000s ]
ERR: æ— æ³•åŠ è½½æ¨¡å—:Js

[ 2017-07-07T15:26:18+08:00 ] 172.168.250.215 /images/baoman/baoman_01.gif
INFO: [ app_init ] --START--
INFO: Run Behavior\BuildLiteBehavior [ RunTime:0.000000s ]
INFO: [ app_init ] --END-- [ RunTime:0.001000s ]
ERR: æ— æ³•åŠ è½½æ¨¡å—:Images

[ 2017-07-07T15:26:18+08:00 ] 172.168.250.215 /images/weixin.jpg
INFO: [ app_init ] --START--
INFO: Run Behavior\BuildLiteBehavior [ RunTime:0.001000s ]
INFO: [ app_init ] --END-- [ RunTime:0.001000s ]
ERR: æ— æ³•åŠ è½½æ¨¡å—:Images

[ 2017-07-07T15:26:18+08:00 ] 172.168.250.215 /js/admin-scripts.js
INFO: [ app_init ] --START--
INFO: Run Behavior\BuildLiteBehavior [ RunTime:0.000000s ]
INFO: [ app_init ] --END-- [ RunTime:0.001000s ]
ERR: æ— æ³•åŠ è½½æ¨¡å—:Js

[ 2017-07-07T15:26:24+08:00 ] 172.168.250.215 /js/bootstrap.min.js
INFO: [ app_init ] --START--
INFO: Run Behavior\BuildLiteBehavior [ RunTime:0.000000s ]
INFO: [ app_init ] --END-- [ RunTime:0.001000s ]
ERR: æ— æ³•åŠ è½½æ¨¡å—:Js

[ 2017-07-07T15:26:24+08:00 ] 172.168.250.215 /images/weixin.jpg
INFO: [ app_init ] --START--
INFO: Run Behavior\BuildLiteBehavior [ RunTime:0.000000s ]
INFO: [ app_init ] --END-- [ RunTime:0.001000s ]
ERR: æ— æ³•åŠ è½½æ¨¡å—:Images

[ 2017-07-07T15:26:24+08:00 ] 172.168.250.215 /js/admin-scripts.js
INFO: [ app_init ] --START--
INFO: Run Behavior\BuildLiteBehavior [ RunTime:0.000000s ]
INFO: [ app_init ] --END-- [ RunTime:0.001000s ]
ERR: æ— æ³•åŠ è½½æ¨¡å—:Js

[ 2017-07-07T15:26:24+08:00 ] 172.168.250.215 /images/baoman/baoman_01.gif
INFO: [ app_init ] --START--
INFO: Run Behavior\BuildLiteBehavior [ RunTime:0.000000s ]
INFO: [ app_init ] --END-- [ RunTime:0.001000s ]
ERR: æ— æ³•åŠ è½½æ¨¡å—:Images

[ 2017-07-07T15:28:17+08:00 ] 172.168.250.215 /js/admin-scripts.js
INFO: [ app_init ] --START--
INFO: Run Behavior\BuildLiteBehavior [ RunTime:0.000000s ]
INFO: [ app_init ] --END-- [ RunTime:0.001000s ]
ERR: æ— æ³•åŠ è½½æ¨¡å—:Js

[ 2017-07-07T15:28:17+08:00 ] 172.168.250.215 /js/bootstrap.min.js
INFO: [ app_init ] --START--
INFO: Run Behavior\BuildLiteBehavior [ RunTime:0.001000s ]
INFO: [ app_init ] --END-- [ RunTime:0.003000s ]
ERR: æ— æ³•åŠ è½½æ¨¡å—:Js

[ 2017-07-07T15:28:17+08:00 ] 172.168.250.215 /images/baoman/baoman_01.gif
INFO: [ app_init ] --START--
INFO: Run Behavior\BuildLiteBehavior [ RunTime:0.000000s ]
INFO: [ app_init ] --END-- [ RunTime:0.002000s ]
ERR: æ— æ³•åŠ è½½æ¨¡å—:Images

[ 2017-07-07T15:28:17+08:00 ] 172.168.250.215 /images/weixin.jpg
INFO: [ app_init ] --START--
INFO: Run Behavior\BuildLiteBehavior [ RunTime:0.000000s ]
INFO: [ app_init ] --END-- [ RunTime:0.001000s ]
ERR: æ— æ³•åŠ è½½æ¨¡å—:Images

[ 2017-07-07T15:28:18+08:00 ] 172.168.250.215 /js/admin-scripts.js
INFO: [ app_init ] --START--
INFO: Run Behavior\BuildLiteBehavior [ RunTime:0.000000s ]
INFO: [ app_init ] --END-- [ RunTime:0.002000s ]
ERR: æ— æ³•åŠ è½½æ¨¡å—:Js

[ 2017-07-07T15:28:36+08:00 ] 172.168.250.215 /images/weixin.jpg
INFO: [ app_init ] --START--
INFO: Run Behavior\BuildLiteBehavior [ RunTime:0.000000s ]
INFO: [ app_init ] --END-- [ RunTime:0.001000s ]
ERR: æ— æ³•åŠ è½½æ¨¡å—:Images

[ 2017-07-07T15:28:36+08:00 ] 172.168.250.215 /js/bootstrap.min.js
INFO: [ app_init ] --START--
INFO: Run Behavior\BuildLiteBehavior [ RunTime:0.000000s ]
INFO: [ app_init ] --END-- [ RunTime:0.000000s ]
ERR: æ— æ³•åŠ è½½æ¨¡å—:Js

[ 2017-07-07T15:28:36+08:00 ] 172.168.250.215 /images/baoman/baoman_01.gif
INFO: [ app_init ] --START--
INFO: Run Behavior\BuildLiteBehavior [ RunTime:0.001000s ]
INFO: [ app_init ] --END-- [ RunTime:0.001000s ]
ERR: æ— æ³•åŠ è½½æ¨¡å—:Images

[ 2017-07-07T15:28:36+08:00 ] 172.168.250.215 /js/admin-scripts.js
INFO: [ app_init ] --START--
INFO: Run Behavior\BuildLiteBehavior [ RunTime:0.001000s ]
INFO: [ app_init ] --END-- [ RunTime:0.001000s ]
ERR: æ— æ³•åŠ è½½æ¨¡å—:Js

[ 2017-07-07T15:38:29+08:00 ] 172.168.250.215 /Public/statics/fonts/glyphicons-halflings-regular.woff2
INFO: [ app_init ] --START--
INFO: Run Behavior\BuildLiteBehavior [ RunTime:0.000000s ]
INFO: [ app_init ] --END-- [ RunTime:0.001000s ]
ERR: æ— æ³•åŠ è½½æ¨¡å—:Public

[ 2017-07-07T17:03:47+08:00 ] 172.168.250.215 /Public/statics/fonts/glyphicons-halflings-regular.woff2
INFO: [ app_init ] --START--
INFO: Run Behavior\BuildLiteBehavior [ RunTime:0.000000s ]
INFO: [ app_init ] --END-- [ RunTime:0.001000s ]
ERR: æ— æ³•åŠ è½½æ¨¡å—:Public

[ 2017-07-07T21:04:39+08:00 ] 172.168.250.215 /Public/statics/fonts/glyphicons-halflings-regular.woff2
INFO: [ app_init ] --START--
INFO: Run Behavior\BuildLiteBehavior [ RunTime:0.000000s ]
INFO: [ app_init ] --END-- [ RunTime:0.000000s ]
ERR: æ— æ³•åŠ è½½æ¨¡å—:Public

[ 2017-07-07T21:06:14+08:00 ] 172.168.250.215 /Public/statics/fonts/glyphicons-halflings-regular.woff2
INFO: [ app_init ] --START--
INFO: Run Behavior\BuildLiteBehavior [ RunTime:0.000000s ]
INFO: [ app_init ] --END-- [ RunTime:0.000000s ]
ERR: æ— æ³•åŠ è½½æ¨¡å—:Public

[ 2017-07-07T21:13:39+08:00 ] 172.168.250.215 /Public/statics/fonts/glyphicons-halflings-regular.woff2
INFO: [ app_init ] --START--
INFO: Run Behavior\BuildLiteBehavior [ RunTime:0.000000s ]
INFO: [ app_init ] --END-- [ RunTime:0.001000s ]
ERR: æ— æ³•åŠ è½½æ¨¡å—:Public

